<?xml version="1.0" encoding="UTF-8"?>
<!-- Generated by org.testng.reporters.JUnitXMLReporter -->
<testsuite ignored="0" hostname="DESKTOP-EK6AVS7" failures="0" tests="3" name="Test" time="13.493" errors="0" timestamp="2021-08-31T19:02:59 IST">
  <testcase classname="testcases.LoginTest" name="loginTest" time="13.085"/>
  <testcase classname="testcases.LoginTest" name="loginTest" time="0.0">
    <skipped/>
  </testcase> <!-- loginTest -->
  <testcase classname="testcases.LoginTest" name="loginTest" time="0.0">
    <skipped/>
  </testcase> <!-- loginTest -->
</testsuite> <!-- Test -->
