<?xml version="1.0" encoding="UTF-8"?>
<testsuite xmlns:xsi="http://www.w3.org/2001/XMLSchema-instance" xsi:noNamespaceSchemaLocation="https://maven.apache.org/surefire/maven-surefire-plugin/xsd/surefire-test-report-3.0.xsd" version="3.0" name="TestSuite" time="14.142" tests="3" errors="0" skipped="2" failures="0">
  <properties>
[...]
</properties>
  <testcase name="loginTest" classname="testcases.LoginTest" time="13.085"/>
  <testcase name="loginTest" classname="testcases.LoginTest" time="0">
    <skipped message="Skipping the test as run mode is No"/>
    <system-err><![CDATA[log4j:WARN No appenders could be found for logger (freemarker.cache).
log4j:WARN Please initialize the log4j system properly.
]]></system-err>
  </testcase>
  <testcase name="loginTest" classname="testcases.LoginTest" time="0">
    <skipped message="Skipping the test as run mode is No"/>
  </testcase>
</testsuite>